
--- Stan ula ---
Królowa: żyje
Całkowita liczba pszczół: 54
Pszczoły w ulu: 33
Wejście 1: 1 pszczół (kierunek: wejście)
Wejście 2: 0 pszczół (kierunek: wyjście)

--- Stan ula ---
Królowa: żyje
Całkowita liczba pszczół: 54
Pszczoły w ulu: 41
Wejście 1: 1 pszczół (kierunek: wejście)
Wejście 2: 0 pszczół (kierunek: wyjście)

--- Stan ula ---
Królowa: żyje
Całkowita liczba pszczół: 54
Pszczoły w ulu: 50
Wejście 1: 1 pszczół (kierunek: wejście)
Wejście 2: 0 pszczół (kierunek: wyjście)

--- Stan ula ---
Królowa: żyje
Całkowita liczba pszczół: 54
Pszczoły w ulu: 48
Wejście 1: 0 pszczół (kierunek: wejście)
Wejście 2: 1 pszczół (kierunek: wyjście)

--- Stan ula ---
Królowa: żyje
Całkowita liczba pszczół: 54
Pszczoły w ulu: 38
Wejście 1: 0 pszczół (kierunek: wejście)
Wejście 2: 1 pszczół (kierunek: wyjście)

--- Stan ula ---
Królowa: żyje
Całkowita liczba pszczół: 54
Pszczoły w ulu: 28
Wejście 1: 0 pszczół (kierunek: wejście)
Wejście 2: 1 pszczół (kierunek: wyjście)

--- Stan ula ---
Królowa: żyje
Całkowita liczba pszczół: 59
Pszczoły w ulu: 24
Wejście 1: 0 pszczół (kierunek: wejście)
Wejście 2: 0 pszczół (kierunek: wyjście)

--- Stan ula ---
Królowa: żyje
Całkowita liczba pszczół: 67
Pszczoły w ulu: 23
Wejście 1: 0 pszczół (kierunek: wejście)
Wejście 2: 1 pszczół (kierunek: wyjście)

--- Stan ula ---
Królowa: żyje
Całkowita liczba pszczół: 71
Pszczoły w ulu: 27
Wejście 1: 1 pszczół (kierunek: wejście)
Wejście 2: 0 pszczół (kierunek: wyjście)

--- Stan ula ---
Królowa: żyje
Całkowita liczba pszczół: 71
Pszczoły w ulu: 37
Wejście 1: 1 pszczół (kierunek: wejście)
Wejście 2: 0 pszczół (kierunek: wyjście)

--- Stan ula ---
Królowa: żyje
Całkowita liczba pszczół: 71
Pszczoły w ulu: 47
Wejście 1: 1 pszczół (kierunek: wejście)
Wejście 2: 0 pszczół (kierunek: wyjście)

--- Stan ula ---
Królowa: żyje
Całkowita liczba pszczół: 71
Pszczoły w ulu: 57
Wejście 1: 0 pszczół (kierunek: wejście)
Wejście 2: 0 pszczół (kierunek: wyjście)
