--- Stan ula ---
Krolowa: zyje
Calkowita liczba pszczol: 100
Pszczoly w ulu: 49

--- Stan ula ---
Krolowa: zyje
Calkowita liczba pszczol: 100
Pszczoly w ulu: 49

--- Stan ula ---
Krolowa: umarla
Calkowita liczba pszczol: 100
Pszczoly w ulu: 49

--- Stan ula ---
Krolowa: umarla
Calkowita liczba pszczol: 103
Pszczoly w ulu: 49

--- Stan ula ---
Krolowa: umarla
Calkowita liczba pszczol: 119
Pszczoly w ulu: 49

--- Stan ula ---
Krolowa: umarla
Calkowita liczba pszczol: 141
Pszczoly w ulu: 49

--- Stan ula ---
Krolowa: umarla
Calkowita liczba pszczol: 153
Pszczoly w ulu: 49

--- Stan ula ---
Krolowa: umarla
Calkowita liczba pszczol: 167
Pszczoly w ulu: 49

--- Stan ula ---
Krolowa: umarla
Calkowita liczba pszczol: 176
Pszczoly w ulu: 49

--- Stan ula ---
Krolowa: umarla
Calkowita liczba pszczol: 190
Pszczoly w ulu: 49

--- Stan ula ---
Krolowa: umarla
Calkowita liczba pszczol: 200
Pszczoly w ulu: 49

--- Stan ula ---
Krolowa: umarla
Calkowita liczba pszczol: 200
Pszczoly w ulu: 49

--- Stan ula ---
Krolowa: umarla
Calkowita liczba pszczol: 200
Pszczoly w ulu: 49

--- Stan ula ---
Krolowa: umarla
Calkowita liczba pszczol: 200
Pszczoly w ulu: 49

--- Stan ula ---
Krolowa: umarla
Calkowita liczba pszczol: 200
Pszczoly w ulu: 49

--- Stan ula ---
Krolowa: umarla
Calkowita liczba pszczol: 200
Pszczoly w ulu: 49

--- Stan ula ---
Krolowa: umarla
Calkowita liczba pszczol: 200
Pszczoly w ulu: 49

--- Stan ula ---
Krolowa: umarla
Calkowita liczba pszczol: 200
Pszczoly w ulu: 49

--- Stan ula ---
Krolowa: umarla
Calkowita liczba pszczol: 200
Pszczoly w ulu: 49

--- Stan ula ---
Krolowa: umarla
Calkowita liczba pszczol: 200
Pszczoly w ulu: 49

--- Stan ula ---
Krolowa: umarla
Calkowita liczba pszczol: 200
Pszczoly w ulu: 49

--- Stan ula ---
Krolowa: umarla
Calkowita liczba pszczol: 200
Pszczoly w ulu: 49

--- Stan ula ---
Krolowa: umarla
Calkowita liczba pszczol: 200
Pszczoly w ulu: 49

--- Stan ula ---
Krolowa: umarla
Calkowita liczba pszczol: 200
Pszczoly w ulu: 49

--- Stan ula ---
Krolowa: umarla
Calkowita liczba pszczol: 200
Pszczoly w ulu: 49

--- Stan ula ---
Krolowa: umarla
Calkowita liczba pszczol: 200
Pszczoly w ulu: 49

--- Stan ula ---
Krolowa: umarla
Calkowita liczba pszczol: 200
Pszczoly w ulu: 49

--- Stan ula ---
Krolowa: umarla
Calkowita liczba pszczol: 200
Pszczoly w ulu: 49

--- Stan ula ---
Krolowa: umarla
Calkowita liczba pszczol: 200
Pszczoly w ulu: 49

--- Stan ula ---
Krolowa: umarla
Calkowita liczba pszczol: 200
Pszczoly w ulu: 49

--- Stan ula ---
Krolowa: umarla
Calkowita liczba pszczol: 200
Pszczoly w ulu: 49

--- Stan ula ---
Krolowa: umarla
Calkowita liczba pszczol: 200
Pszczoly w ulu: 49

--- Stan ula ---
Krolowa: umarla
Calkowita liczba pszczol: 200
Pszczoly w ulu: 49

--- Stan ula ---
Krolowa: umarla
Calkowita liczba pszczol: 200
Pszczoly w ulu: 49

--- Stan ula ---
Krolowa: umarla
Calkowita liczba pszczol: 200
Pszczoly w ulu: 49

--- Stan ula ---
Krolowa: umarla
Calkowita liczba pszczol: 200
Pszczoly w ulu: 49

--- Stan ula ---
Krolowa: umarla
Calkowita liczba pszczol: 200
Pszczoly w ulu: 49

--- Stan ula ---
Krolowa: umarla
Calkowita liczba pszczol: 200
Pszczoly w ulu: 49

--- Stan ula ---
Krolowa: umarla
Calkowita liczba pszczol: 200
Pszczoly w ulu: 49

--- Stan ula ---
Krolowa: umarla
Calkowita liczba pszczol: 200
Pszczoly w ulu: 49

--- Stan ula ---
Krolowa: umarla
Calkowita liczba pszczol: 200
Pszczoly w ulu: 49

--- Stan ula ---
Krolowa: umarla
Calkowita liczba pszczol: 200
Pszczoly w ulu: 49

